<?xml version="1.0" encoding="UTF-8"?>
<coverage generated="1586850109007" clover="3.2.0">
  <project timestamp="1586850109007" name="All files">
    <metrics statements="12" coveredstatements="12" conditionals="14" coveredconditionals="14" methods="1" coveredmethods="1" elements="27" coveredelements="27" complexity="0" loc="12" ncloc="12" packages="1" files="1" classes="1"/>
    <file name="date-adder.js" path="/Users/danielleschumaker/alchemy/career-track/data-structures-and-algorithms/challenges/dateAdder/date-adder.js">
      <metrics statements="12" coveredstatements="12" conditionals="14" coveredconditionals="14" methods="1" coveredmethods="1"/>
      <line num="1" count="1" type="stmt"/>
      <line num="2" count="8" type="stmt"/>
      <line num="3" count="8" type="stmt"/>
      <line num="5" count="8" type="cond" truecount="2" falsecount="0"/>
      <line num="6" count="7" type="cond" truecount="2" falsecount="0"/>
      <line num="7" count="6" type="cond" truecount="2" falsecount="0"/>
      <line num="8" count="5" type="cond" truecount="2" falsecount="0"/>
      <line num="9" count="4" type="cond" truecount="2" falsecount="0"/>
      <line num="10" count="3" type="cond" truecount="2" falsecount="0"/>
      <line num="11" count="2" type="cond" truecount="2" falsecount="0"/>
      <line num="13" count="1" type="stmt"/>
      <line num="15" count="7" type="stmt"/>
    </file>
  </project>
</coverage>
