{"/Users/danielleschumaker/alchemy/career-track/data-structures-and-algorithms/challenges/dateAdder/date-adder.js": {"path":"/Users/danielleschumaker/alchemy/career-track/data-structures-and-algorithms/challenges/dateAdder/date-adder.js","statementMap":{"0":{"start":{"line":10,"column":12},"end":{"line":36,"column":1}},"1":{"start":{"line":15,"column":19},"end":{"line":15,"column":47}},"2":{"start":{"line":16,"column":14},"end":{"line":16,"column":56}},"3":{"start":{"line":17,"column":2},"end":{"line":34,"column":3}},"4":{"start":{"line":18,"column":4},"end":{"line":18,"column":45}},"5":{"start":{"line":20,"column":7},"end":{"line":34,"column":3}},"6":{"start":{"line":21,"column":4},"end":{"line":21,"column":45}},"7":{"start":{"line":23,"column":7},"end":{"line":34,"column":3}},"8":{"start":{"line":24,"column":4},"end":{"line":24,"column":41}},"9":{"start":{"line":26,"column":7},"end":{"line":34,"column":3}},"10":{"start":{"line":27,"column":4},"end":{"line":27,"column":39}},"11":{"start":{"line":29,"column":7},"end":{"line":34,"column":3}},"12":{"start":{"line":30,"column":4},"end":{"line":30,"column":45}},"13":{"start":{"line":32,"column":7},"end":{"line":34,"column":3}},"14":{"start":{"line":33,"column":4},"end":{"line":33,"column":41}},"15":{"start":{"line":35,"column":2},"end":{"line":35,"column":14}},"16":{"start":{"line":38,"column":0},"end":{"line":38,"column":25}}},"fnMap":{"0":{"name":"(anonymous_0)","decl":{"start":{"line":10,"column":12},"end":{"line":10,"column":13}},"loc":{"start":{"line":10,"column":28},"end":{"line":36,"column":1}},"line":10}},"branchMap":{"0":{"loc":{"start":{"line":17,"column":2},"end":{"line":34,"column":3}},"type":"if","locations":[{"start":{"line":17,"column":2},"end":{"line":34,"column":3}},{"start":{"line":17,"column":2},"end":{"line":34,"column":3}}],"line":17},"1":{"loc":{"start":{"line":20,"column":7},"end":{"line":34,"column":3}},"type":"if","locations":[{"start":{"line":20,"column":7},"end":{"line":34,"column":3}},{"start":{"line":20,"column":7},"end":{"line":34,"column":3}}],"line":20},"2":{"loc":{"start":{"line":23,"column":7},"end":{"line":34,"column":3}},"type":"if","locations":[{"start":{"line":23,"column":7},"end":{"line":34,"column":3}},{"start":{"line":23,"column":7},"end":{"line":34,"column":3}}],"line":23},"3":{"loc":{"start":{"line":26,"column":7},"end":{"line":34,"column":3}},"type":"if","locations":[{"start":{"line":26,"column":7},"end":{"line":34,"column":3}},{"start":{"line":26,"column":7},"end":{"line":34,"column":3}}],"line":26},"4":{"loc":{"start":{"line":29,"column":7},"end":{"line":34,"column":3}},"type":"if","locations":[{"start":{"line":29,"column":7},"end":{"line":34,"column":3}},{"start":{"line":29,"column":7},"end":{"line":34,"column":3}}],"line":29},"5":{"loc":{"start":{"line":32,"column":7},"end":{"line":34,"column":3}},"type":"if","locations":[{"start":{"line":32,"column":7},"end":{"line":34,"column":3}},{"start":{"line":32,"column":7},"end":{"line":34,"column":3}}],"line":32}},"s":{"0":1,"1":1,"2":1,"3":1,"4":0,"5":1,"6":0,"7":1,"8":0,"9":1,"10":0,"11":1,"12":0,"13":1,"14":1,"15":1,"16":1},"f":{"0":1},"b":{"0":[0,1],"1":[0,1],"2":[0,1],"3":[0,1],"4":[0,1],"5":[1,0]},"_coverageSchema":"43e27e138ebf9cfc5966b082cf9a028302ed4184","hash":"4fe47c4e011fac96b105bc58c529ab4e47abf409"}
}
