TN:
SF:/Users/danielleschumaker/alchemy/career-track/data-structures-and-algorithms/challenges/arrayMap/array-map.js
FN:5,(anonymous_0)
FNF:1
FNH:1
FNDA:1,(anonymous_0)
DA:4,1
DA:5,1
DA:7,1
DA:9,4
DA:12,1
DA:16,1
LF:6
LH:6
BRF:0
BRH:0
end_of_record
TN:
SF:/Users/danielleschumaker/alchemy/career-track/data-structures-and-algorithms/challenges/arrayShift/array-shift.js
FN:1,(anonymous_0)
FNF:1
FNH:1
FNDA:1,(anonymous_0)
DA:1,1
DA:3,1
DA:16,1
DA:17,2
DA:19,1
DA:20,1
DA:23,1
LF:7
LH:7
BRF:0
BRH:0
end_of_record
