TN:
SF:/Users/danielleschumaker/alchemy/career-track/data-structures-and-algorithms/challenges/dateAdder/date-adder.js
FN:1,(anonymous_0)
FNF:1
FNH:1
FNDA:8,(anonymous_0)
DA:1,1
DA:2,8
DA:3,8
DA:5,8
DA:6,1
DA:7,7
DA:8,1
DA:9,6
DA:10,1
DA:11,5
DA:12,1
DA:13,4
DA:14,1
DA:15,3
DA:16,1
DA:17,2
DA:18,1
DA:20,1
DA:22,7
LF:19
LH:19
BRDA:5,0,0,1
BRDA:5,0,1,7
BRDA:7,1,0,1
BRDA:7,1,1,6
BRDA:9,2,0,1
BRDA:9,2,1,5
BRDA:11,3,0,1
BRDA:11,3,1,4
BRDA:13,4,0,1
BRDA:13,4,1,3
BRDA:15,5,0,1
BRDA:15,5,1,2
BRDA:17,6,0,1
BRDA:17,6,1,1
BRF:14
BRH:14
end_of_record
